<?xml version="1.0" encoding="UTF-8"?>
<testng-results ignored="0" total="1" passed="1" failed="0" skipped="0">
  <reporter-output>
  </reporter-output>
  <suite started-at="2023-11-07T18:55:29 IST" name="Default suite" finished-at="2023-11-07T18:55:29 IST" duration-ms="227">
    <groups>
    </groups>
    <test started-at="2023-11-07T18:55:29 IST" name="Default test" finished-at="2023-11-07T18:55:29 IST" duration-ms="227">
      <class name="RestAssured_3.Employee_Pojo_Class1_SerDerObject">
        <test-method signature="testPojoClass()[pri:0, instance:RestAssured_3.Employee_Pojo_Class1_SerDerObject@498d318c]" started-at="2023-11-07T18:55:29 IST" name="testPojoClass" finished-at="2023-11-07T18:55:29 IST" duration-ms="191" status="PASS">
          <reporter-output>
          </reporter-output>
        </test-method> <!-- testPojoClass -->
      </class> <!-- RestAssured_3.Employee_Pojo_Class1_SerDerObject -->
    </test> <!-- Default test -->
  </suite> <!-- Default suite -->
</testng-results>
